<?xml version="1.0" encoding="UTF-8"?>
<testng-results ignored="0" total="1" passed="1" failed="0" skipped="0">
  <reporter-output>
  </reporter-output>
  <suite started-at="2025-04-08T02:12:18 IST" name="Default suite" finished-at="2025-04-08T02:13:04 IST" duration-ms="45979">
    <groups>
    </groups>
    <test started-at="2025-04-08T02:12:18 IST" name="Default test" finished-at="2025-04-08T02:13:04 IST" duration-ms="45979">
      <class name="Aictec.Wejha.tests.Alltests">
        <test-method is-config="true" signature="firstStep()[pri:0, instance:Aictec.Wejha.tests.Alltests@6a28ffa4]" started-at="2025-04-08T02:12:18 IST" name="firstStep" finished-at="2025-04-08T02:12:22 IST" duration-ms="3841" status="PASS">
          <reporter-output>
          </reporter-output>
        </test-method> <!-- firstStep -->
        <test-method signature="accountCreation()[pri:0, instance:Aictec.Wejha.tests.Alltests@6a28ffa4]" started-at="2025-04-08T02:12:22 IST" name="accountCreation" finished-at="2025-04-08T02:13:04 IST" duration-ms="42063" status="PASS">
          <reporter-output>
          </reporter-output>
        </test-method> <!-- accountCreation -->
      </class> <!-- Aictec.Wejha.tests.Alltests -->
    </test> <!-- Default test -->
  </suite> <!-- Default suite -->
</testng-results>
